// 重构日志: faa6ae3f
// 重构日志: cd7ea69d
// 重构日志: 62b5c393
// 同步 ID: 989103c4 @ Fri Jul  3 08:46:28 UTC 2026
// 重构日志: 0a45ca21
// 重构日志: 34e01036
// 重构日志: 85973c0a
// 重构日志: 246a99c5
// 重构日志: 877c980e
// 重构日志: ac54532b
// 同步 ID: b420acf2 @ Wed Jul  8 21:16:51 UTC 2026
// 同步 ID: af9465a1 @ Thu Jul  9 10:53:59 UTC 2026
// 同步 ID: 108e1a7d @ Sat Jul 11 11:32:09 UTC 2026
// 重构日志: e51126d0
// 重构日志: cc4d2d7f
// 同步 ID: 939bd850 @ Tue Jul 14 12:35:50 UTC 2026
// 同步 ID: 3335f20e @ Wed Jul 15 00:55:49 UTC 2026
// 同步 ID: 88d34256 @ Wed Jul 15 07:51:02 UTC 2026
// 同步 ID: 05555417 @ Thu Jul 16 20:34:36 UTC 2026
// 同步 ID: 9eb93030 @ Fri Jul 17 11:33:03 UTC 2026
// 重构日志: b5e44a56
// 同步 ID: 5a468b04 @ Sun Jul 19 15:48:20 UTC 2026
// 重构日志: d67be5a1
// 重构日志: cabe62d5
// 重构日志: 669931c3
// 重构日志: 30e73404
// 重构日志: 5b2dc541
